#
# There is insufficient memory for the Java Runtime Environment to continue.
# Native memory allocation (malloc) failed to allocate 91750400 bytes for committing reserved memory.
# Possible reasons:
#   The system is out of physical RAM or swap space
#   In 32 bit mode, the process size limit was hit
# Possible solutions:
#   Reduce memory load on the system
#   Increase physical memory or swap space
#   Check if swap backing store is full
#   Use 64 bit Java on a 64 bit OS
#   Decrease Java heap size (-Xmx/-Xms)
#   Decrease number of Java threads
#   Decrease Java thread stack sizes (-Xss)
#   Set larger code cache with -XX:ReservedCodeCacheSize=
# This output file may be truncated or incomplete.
#
#  Out of Memory Error (os_linux.cpp:2827), pid=5125, tid=140556639663872
#
# JRE version: OpenJDK Runtime Environment (7.0_91-b02) (build 1.7.0_91-b02)
# Java VM: OpenJDK 64-Bit Server VM (24.91-b01 mixed mode linux-amd64 compressed oops)
# Derivative: IcedTea 2.6.3
# Distribution: Ubuntu 14.04 LTS, package 7u91-2.6.3-0ubuntu0.14.04.1
# Failed to write core dump. Core dumps have been disabled. To enable core dumping, try "ulimit -c unlimited" before starting Java again
#

---------------  T H R E A D  ---------------

Current thread (0x00007fd5e0075800):  VMThread [stack: 0x00007fd5e483f000,0x00007fd5e4940000] [id=5136]

Stack: [0x00007fd5e483f000,0x00007fd5e4940000],  sp=0x00007fd5e493e490,  free space=1021k
Native frames: (J=compiled Java code, j=interpreted, Vv=VM code, C=native code)
V  [libjvm.so+0x953e15]  VMError::report_and_die()+0x175
V  [libjvm.so+0x48fd94]  report_vm_out_of_memory(char const*, int, unsigned long, char const*)+0x74
V  [libjvm.so+0x7cf87b]  os::pd_commit_memory(char*, unsigned long, unsigned long, bool)+0xeb
V  [libjvm.so+0x7ca33f]  os::commit_memory(char*, unsigned long, unsigned long, bool)+0x1f
V  [libjvm.so+0x83dacb]  PSVirtualSpace::expand_by(unsigned long)+0x5b
V  [libjvm.so+0x82d86b]  PSOldGen::expand_by(unsigned long) [clone .part.79]+0x1b
V  [libjvm.so+0x82da2b]  PSOldGen::expand(unsigned long) [clone .part.80]+0xdb
V  [libjvm.so+0x82e958]  PSOldGen::resize(unsigned long)+0x188
V  [libjvm.so+0x8355b4]  PSParallelCompact::invoke_no_policy(bool)+0x9c4
V  [libjvm.so+0x83bc0d]  PSScavenge::invoke()+0x17d
V  [libjvm.so+0x7f2083]  ParallelScavengeHeap::failed_mem_allocate(unsigned long)+0x63
V  [libjvm.so+0x955814]  VM_ParallelGCFailedAllocation::doit()+0x84
V  [libjvm.so+0x959917]  VM_Operation::evaluate()+0x47
V  [libjvm.so+0x9583d8]  VMThread::evaluate_operation(VM_Operation*)+0x318
V  [libjvm.so+0x958839]  VMThread::loop()+0x219
V  [libjvm.so+0x958c82]  VMThread::run()+0x72
V  [libjvm.so+0x7cc742]  java_start(Thread*)+0xf2

VM_Operation (0x00007fd5d8c6deb0): ParallelGCFailedAllocation, mode: safepoint, requested by thread 0x00007fd5e01c5800


---------------  P R O C E S S  ---------------

Java Threads: ( => current thread )
  0x00007fd5e01cb000 JavaThread "pool-2-thread-4" [_thread_blocked, id=5148, stack(0x00007fd5d876b000,0x00007fd5d886c000)]
  0x00007fd5e01c9000 JavaThread "pool-2-thread-3" [_thread_blocked, id=5147, stack(0x00007fd5d886c000,0x00007fd5d896d000)]
  0x00007fd5e01c7800 JavaThread "pool-2-thread-2" [_thread_blocked, id=5146, stack(0x00007fd5d896d000,0x00007fd5d8a6e000)]
  0x00007fd5e01c6000 JavaThread "pool-3-thread-1" [_thread_blocked, id=5145, stack(0x00007fd5d8a6e000,0x00007fd5d8b6f000)]
  0x00007fd5e01c5800 JavaThread "pool-2-thread-1" [_thread_blocked, id=5144, stack(0x00007fd5d8b6f000,0x00007fd5d8c70000)]
  0x00007fd5e00af000 JavaThread "Service Thread" daemon [_thread_blocked, id=5142, stack(0x00007fd5e4239000,0x00007fd5e433a000)]
  0x00007fd5e00ac800 JavaThread "C2 CompilerThread1" daemon [_thread_blocked, id=5141, stack(0x00007fd5e433a000,0x00007fd5e443b000)]
  0x00007fd5e00a9800 JavaThread "C2 CompilerThread0" daemon [_thread_blocked, id=5140, stack(0x00007fd5e443b000,0x00007fd5e453c000)]
  0x00007fd5e00a7800 JavaThread "Signal Dispatcher" daemon [_thread_blocked, id=5139, stack(0x00007fd5e453c000,0x00007fd5e463d000)]
  0x00007fd5e007c000 JavaThread "Finalizer" daemon [_thread_blocked, id=5138, stack(0x00007fd5e463d000,0x00007fd5e473e000)]
  0x00007fd5e007a000 JavaThread "Reference Handler" daemon [_thread_blocked, id=5137, stack(0x00007fd5e473e000,0x00007fd5e483f000)]
  0x00007fd5e000a800 JavaThread "main" [_thread_blocked, id=5131, stack(0x00007fd5e99f5000,0x00007fd5e9af6000)]

Other Threads:
=>0x00007fd5e0075800 VMThread [stack: 0x00007fd5e483f000,0x00007fd5e4940000] [id=5136]
  0x00007fd5e00b9800 WatcherThread [stack: 0x00007fd5e4138000,0x00007fd5e4239000] [id=5143]

VM state:at safepoint (normal execution)

VM Mutex/Monitor currently owned by a thread:  ([mutex/lock_event])
[0x00007fd5e0006330] ExpandHeap_lock - owner thread: 0x00007fd5e0075800
[0x00007fd5e00069b0] Threads_lock - owner thread: 0x00007fd5e0075800
[0x00007fd5e0006eb0] Heap_lock - owner thread: 0x00007fd5e01c5800

Heap
 PSYoungGen      total 262144K, used 7855K [0x00000000eaa80000, 0x0000000100000000, 0x0000000100000000)
  eden space 209408K, 0% used [0x00000000eaa80000,0x00000000eaa80000,0x00000000f7700000)
  from space 52736K, 14% used [0x00000000f7700000,0x00000000f7eabe88,0x00000000faa80000)
  to   space 54784K, 0% used [0x00000000fca80000,0x00000000fca80000,0x0000000100000000)
 ParOldGen       total 136192K, used 135712K [0x00000000c0000000, 0x00000000c8500000, 0x00000000eaa80000)
  object space 136192K, 99% used [0x00000000c0000000,0x00000000c84883f0,0x00000000c8500000)
 PSPermGen       total 21504K, used 6462K [0x00000000b5a00000, 0x00000000b6f00000, 0x00000000c0000000)
  object space 21504K, 30% used [0x00000000b5a00000,0x00000000b604fa38,0x00000000b6f00000)

Card table byte_map: [0x00007fd5e63e8000,0x00007fd5e663c000] byte_map_base: 0x00007fd5e5e3b000

Polling page: 0x00007fd5e9b25000

Code Cache  [0x00007fd5dd000000, 0x00007fd5dd390000, 0x00007fd5e0000000)
 total_blobs=1194 nmethods=963 adapters=184 free_code_cache=45621Kb largest_free_block=46647488

Compilation events (10 events):
Event: 12.081 Thread 0x00007fd5e00ac800 nmethod 986 0x00007fd5dd2e8c10 code [0x00007fd5dd2e8e80, 0x00007fd5dd2e9668]
Event: 12.081 Thread 0x00007fd5e00ac800  987             java.util.RegularEnumSet::remove (74 bytes)
Event: 12.082 Thread 0x00007fd5e00ac800 nmethod 987 0x00007fd5dd367090 code [0x00007fd5dd3671e0, 0x00007fd5dd3672b8]
Event: 12.082 Thread 0x00007fd5e00ac800  988             com.android.dx.ssa.SsaRenamer::run (34 bytes)
Event: 12.084 Thread 0x00007fd5e00ac800 nmethod 988 0x00007fd5dd376350 code [0x00007fd5dd3764a0, 0x00007fd5dd3765c8]
Event: 12.084 Thread 0x00007fd5e00ac800  989             com.android.dx.ssa.SsaMethod::setNewRegCount (18 bytes)
Event: 12.085 Thread 0x00007fd5e00ac800 nmethod 989 0x00007fd5dd376150 code [0x00007fd5dd376280, 0x00007fd5dd3762d8]
Event: 12.085 Thread 0x00007fd5e00ac800  990             com.android.dx.ssa.back.SsaToRop::removeEmptyGotos (26 bytes)
Event: 12.087 Thread 0x00007fd5e00ac800 nmethod 990 0x00007fd5dd375e10 code [0x00007fd5dd375f60, 0x00007fd5dd376068]
Event: 12.087 Thread 0x00007fd5e00ac800  991             com.android.dx.ssa.back.SsaToRop::convert (99 bytes)

GC Heap History (10 events):
Event: 8.212 GC heap after
Heap after GC invocations=11 (full 1):
 PSYoungGen      total 202240K, used 17492K [0x00000000eaa80000, 0x00000000fa380000, 0x0000000100000000)
  eden space 175616K, 0% used [0x00000000eaa80000,0x00000000eaa80000,0x00000000f5600000)
  from space 26624K, 65% used [0x00000000f7880000,0x00000000f8995288,0x00000000f9280000)
  to   space 35328K, 0% used [0x00000000f5600000,0x00000000f5600000,0x00000000f7880000)
 ParOldGen       total 76288K, used 40743K [0x00000000c0000000, 0x00000000c4a80000, 0x00000000eaa80000)
  object space 76288K, 53% used [0x00000000c0000000,0x00000000c27c9fb0,0x00000000c4a80000)
 PSPermGen       total 21504K, used 6406K [0x00000000b5a00000, 0x00000000b6f00000, 0x00000000c0000000)
  object space 21504K, 29% used [0x00000000b5a00000,0x00000000b6041b08,0x00000000b6f00000)
}
Event: 9.997 GC heap before
{Heap before GC invocations=12 (full 1):
 PSYoungGen      total 202240K, used 193108K [0x00000000eaa80000, 0x00000000fa380000, 0x0000000100000000)
  eden space 175616K, 100% used [0x00000000eaa80000,0x00000000f5600000,0x00000000f5600000)
  from space 26624K, 65% used [0x00000000f7880000,0x00000000f8995288,0x00000000f9280000)
  to   space 35328K, 0% used [0x00000000f5600000,0x00000000f5600000,0x00000000f7880000)
 ParOldGen       total 76288K, used 40743K [0x00000000c0000000, 0x00000000c4a80000, 0x00000000eaa80000)
  object space 76288K, 53% used [0x00000000c0000000,0x00000000c27c9fb0,0x00000000c4a80000)
 PSPermGen       total 21504K, used 6437K [0x00000000b5a00000, 0x00000000b6f00000, 0x00000000c0000000)
  object space 21504K, 29% used [0x00000000b5a00000,0x00000000b6049760,0x00000000b6f00000)
Event: 10.071 GC heap after
Heap after GC invocations=12 (full 1):
 PSYoungGen      total 210944K, used 29472K [0x00000000eaa80000, 0x00000000fd100000, 0x0000000100000000)
  eden space 175616K, 0% used [0x00000000eaa80000,0x00000000eaa80000,0x00000000f5600000)
  from space 35328K, 83% used [0x00000000f5600000,0x00000000f72c8030,0x00000000f7880000)
  to   space 39424K, 0% used [0x00000000faa80000,0x00000000faa80000,0x00000000fd100000)
 ParOldGen       total 76288K, used 57729K [0x00000000c0000000, 0x00000000c4a80000, 0x00000000eaa80000)
  object space 76288K, 75% used [0x00000000c0000000,0x00000000c3860618,0x00000000c4a80000)
 PSPermGen       total 21504K, used 6437K [0x00000000b5a00000, 0x00000000b6f00000, 0x00000000c0000000)
  object space 21504K, 29% used [0x00000000b5a00000,0x00000000b6049760,0x00000000b6f00000)
}
Event: 10.976 GC heap before
{Heap before GC invocations=13 (full 1):
 PSYoungGen      total 210944K, used 205088K [0x00000000eaa80000, 0x00000000fd100000, 0x0000000100000000)
  eden space 175616K, 100% used [0x00000000eaa80000,0x00000000f5600000,0x00000000f5600000)
  from space 35328K, 83% used [0x00000000f5600000,0x00000000f72c8030,0x00000000f7880000)
  to   space 39424K, 0% used [0x00000000faa80000,0x00000000faa80000,0x00000000fd100000)
 ParOldGen       total 76288K, used 57729K [0x00000000c0000000, 0x00000000c4a80000, 0x00000000eaa80000)
  object space 76288K, 75% used [0x00000000c0000000,0x00000000c3860618,0x00000000c4a80000)
 PSPermGen       total 21504K, used 6452K [0x00000000b5a00000, 0x00000000b6f00000, 0x00000000c0000000)
  object space 21504K, 30% used [0x00000000b5a00000,0x00000000b604d130,0x00000000b6f00000)
Event: 11.058 GC heap after
Heap after GC invocations=13 (full 1):
 PSYoungGen      total 248832K, used 39412K [0x00000000eaa80000, 0x00000000ff100000, 0x0000000100000000)
  eden space 209408K, 0% used [0x00000000eaa80000,0x00000000eaa80000,0x00000000f7700000)
  from space 39424K, 99% used [0x00000000faa80000,0x00000000fd0fd350,0x00000000fd100000)
  to   space 52736K, 0% used [0x00000000f7700000,0x00000000f7700000,0x00000000faa80000)
 ParOldGen       total 76288K, used 74621K [0x00000000c0000000, 0x00000000c4a80000, 0x00000000eaa80000)
  object space 76288K, 97% used [0x00000000c0000000,0x00000000c48df410,0x00000000c4a80000)
 PSPermGen       total 21504K, used 6452K [0x00000000b5a00000, 0x00000000b6f00000, 0x00000000c0000000)
  object space 21504K, 30% used [0x00000000b5a00000,0x00000000b604d130,0x00000000b6f00000)
}
Event: 11.058 GC heap before
{Heap before GC invocations=14 (full 2):
 PSYoungGen      total 248832K, used 39412K [0x00000000eaa80000, 0x00000000ff100000, 0x0000000100000000)
  eden space 209408K, 0% used [0x00000000eaa80000,0x00000000eaa80000,0x00000000f7700000)
  from space 39424K, 99% used [0x00000000faa80000,0x00000000fd0fd350,0x00000000fd100000)
  to   space 52736K, 0% used [0x00000000f7700000,0x00000000f7700000,0x00000000faa80000)
 ParOldGen       total 76288K, used 74621K [0x00000000c0000000, 0x00000000c4a80000, 0x00000000eaa80000)
  object space 76288K, 97% used [0x00000000c0000000,0x00000000c48df410,0x00000000c4a80000)
 PSPermGen       total 21504K, used 6452K [0x00000000b5a00000, 0x00000000b6f00000, 0x00000000c0000000)
  object space 21504K, 30% used [0x00000000b5a00000,0x00000000b604d130,0x00000000b6f00000)
Event: 11.706 GC heap after
Heap after GC invocations=14 (full 2):
 PSYoungGen      total 248832K, used 36245K [0x00000000eaa80000, 0x00000000ff100000, 0x0000000100000000)
  eden space 209408K, 0% used [0x00000000eaa80000,0x00000000eaa80000,0x00000000f7700000)
  from space 39424K, 91% used [0x00000000faa80000,0x00000000fcde5508,0x00000000fd100000)
  to   space 52736K, 0% used [0x00000000f7700000,0x00000000f7700000,0x00000000faa80000)
 ParOldGen       total 136192K, used 76097K [0x00000000c0000000, 0x00000000c8500000, 0x00000000eaa80000)
  object space 136192K, 55% used [0x00000000c0000000,0x00000000c4a50458,0x00000000c8500000)
 PSPermGen       total 21504K, used 6450K [0x00000000b5a00000, 0x00000000b6f00000, 0x00000000c0000000)
  object space 21504K, 29% used [0x00000000b5a00000,0x00000000b604cb10,0x00000000b6f00000)
}
Event: 12.249 GC heap before
{Heap before GC invocations=15 (full 2):
 PSYoungGen      total 248832K, used 245653K [0x00000000eaa80000, 0x00000000ff100000, 0x0000000100000000)
  eden space 209408K, 100% used [0x00000000eaa80000,0x00000000f7700000,0x00000000f7700000)
  from space 39424K, 91% used [0x00000000faa80000,0x00000000fcde5508,0x00000000fd100000)
  to   space 52736K, 0% used [0x00000000f7700000,0x00000000f7700000,0x00000000faa80000)
 ParOldGen       total 136192K, used 76097K [0x00000000c0000000, 0x00000000c8500000, 0x00000000eaa80000)
  object space 136192K, 55% used [0x00000000c0000000,0x00000000c4a50458,0x00000000c8500000)
 PSPermGen       total 21504K, used 6462K [0x00000000b5a00000, 0x00000000b6f00000, 0x00000000c0000000)
  object space 21504K, 30% used [0x00000000b5a00000,0x00000000b604fab8,0x00000000b6f00000)
Event: 12.348 GC heap after
Heap after GC invocations=15 (full 2):
 PSYoungGen      total 262144K, used 33086K [0x00000000eaa80000, 0x0000000100000000, 0x0000000100000000)
  eden space 209408K, 0% used [0x00000000eaa80000,0x00000000eaa80000,0x00000000f7700000)
  from space 52736K, 62% used [0x00000000f7700000,0x00000000f974f808,0x00000000faa80000)
  to   space 54784K, 0% used [0x00000000fca80000,0x00000000fca80000,0x0000000100000000)
 ParOldGen       total 136192K, used 112465K [0x00000000c0000000, 0x00000000c8500000, 0x00000000eaa80000)
  object space 136192K, 82% used [0x00000000c0000000,0x00000000c6dd4480,0x00000000c8500000)
 PSPermGen       total 21504K, used 6462K [0x00000000b5a00000, 0x00000000b6f00000, 0x00000000c0000000)
  object space 21504K, 30% used [0x00000000b5a00000,0x00000000b604fab8,0x00000000b6f00000)
}
Event: 12.348 GC heap before
{Heap before GC invocations=16 (full 3):
 PSYoungGen      total 262144K, used 33086K [0x00000000eaa80000, 0x0000000100000000, 0x0000000100000000)
  eden space 209408K, 0% used [0x00000000eaa80000,0x00000000eaa80000,0x00000000f7700000)
  from space 52736K, 62% used [0x00000000f7700000,0x00000000f974f808,0x00000000faa80000)
  to   space 54784K, 0% used [0x00000000fca80000,0x00000000fca80000,0x0000000100000000)
 ParOldGen       total 136192K, used 112465K [0x00000000c0000000, 0x00000000c8500000, 0x00000000eaa80000)
  object space 136192K, 82% used [0x00000000c0000000,0x00000000c6dd4480,0x00000000c8500000)
 PSPermGen       total 21504K, used 6462K [0x00000000b5a00000, 0x00000000b6f00000, 0x00000000c0000000)
  object space 21504K, 30% used [0x00000000b5a00000,0x00000000b604fab8,0x00000000b6f00000)

Deoptimization events (10 events):
Event: 11.908 Thread 0x00007fd5e01c7800 Uncommon trap: reason=class_check action=maybe_recompile pc=0x00007fd5dd2219b4 method=com.android.dx.ssa.SCCP.replaceConstants()V @ 182
Event: 11.912 Thread 0x00007fd5e01c5800 Uncommon trap: reason=unstable_if action=reinterpret pc=0x00007fd5dd36a330 method=com.android.dx.rop.code.BasicBlockList.preferredSuccessorOf(Lcom/android/dx/rop/code/BasicBlock;)Lcom/android/dx/rop/code/BasicBlock; @ 58
Event: 11.912 Thread 0x00007fd5e01c5800 Uncommon trap: reason=unstable_if action=reinterpret pc=0x00007fd5dd2635c4 method=com.android.dx.rop.code.BasicBlockList.preferredSuccessorOf(Lcom/android/dx/rop/code/BasicBlock;)Lcom/android/dx/rop/code/BasicBlock; @ 58
Event: 11.947 Thread 0x00007fd5e01c5800 Uncommon trap: reason=bimorphic action=maybe_recompile pc=0x00007fd5dd1a1da0 method=com.android.dx.ssa.LiteralOpUpgrader.tryReplacingWithConstant(Lcom/android/dx/ssa/NormalSsaInsn;)Z @ 62
Event: 12.153 Thread 0x00007fd5e01c5800 Uncommon trap: reason=class_check action=maybe_recompile pc=0x00007fd5dd1ea894 method=com.android.dx.ssa.back.FirstFitLocalCombiningAllocator.findNextUnreservedRopReg(IILcom/android/dx/ssa/back/FirstFitLocalCombiningAllocator$Alignment;)I @ 60
Event: 12.153 Thread 0x00007fd5e01c5800 Uncommon trap: reason=bimorphic action=maybe_recompile pc=0x00007fd5dd15c14c method=com.android.dx.ssa.back.FirstFitLocalCombiningAllocator.findNextUnreservedRopReg(IILcom/android/dx/ssa/back/FirstFitLocalCombiningAllocator$Alignment;)I @ 60
Event: 12.162 Thread 0x00007fd5e01cb000 Uncommon trap: reason=bimorphic action=maybe_recompile pc=0x00007fd5dd1a4b9c method=com.android.dx.ssa.LiteralOpUpgrader.tryReplacingWithConstant(Lcom/android/dx/ssa/NormalSsaInsn;)Z @ 62
Event: 12.202 Thread 0x00007fd5e01c9000 Uncommon trap: reason=bimorphic action=maybe_recompile pc=0x00007fd5dd347c4c method=com.android.dx.rop.code.RegisterSpec.getFrameType()Lcom/android/dx/rop/type/TypeBearer; @ 4
Event: 12.204 Thread 0x00007fd5e01c7800 Uncommon trap: reason=bimorphic action=maybe_recompile pc=0x00007fd5dd347c4c method=com.android.dx.rop.code.RegisterSpec.getFrameType()Lcom/android/dx/rop/type/TypeBearer; @ 4
Event: 12.204 Thread 0x00007fd5e01c7800 Uncommon trap: reason=bimorphic action=maybe_recompile pc=0x00007fd5dd347c4c method=com.android.dx.rop.code.RegisterSpec.getFrameType()Lcom/android/dx/rop/type/TypeBearer; @ 4

Internal exceptions (10 events):
Event: 3.571 Thread 0x00007fd5e01c7800 Implicit null exception at 0x00007fd5dd09fc52 to 0x00007fd5dd09fd43
Event: 4.131 Thread 0x00007fd5e000a800 Threw 0x00000000ee0ffff0 at /build/openjdk-7-zaTxYK/openjdk-7-7u91-2.6.3/build/openjdk/hotspot/src/share/vm/prims/jvm.cpp:1322
Event: 4.781 Thread 0x00007fd5e01c7800 Implicit null exception at 0x00007fd5dd1516fc to 0x00007fd5dd1554f9
Event: 6.171 Thread 0x00007fd5e000a800 Threw 0x00000000edd9cc90 at /build/openjdk-7-zaTxYK/openjdk-7-7u91-2.6.3/build/openjdk/hotspot/src/share/vm/prims/jvm.cpp:1322
Event: 7.364 Thread 0x00007fd5e000a800 Implicit null exception at 0x00007fd5dd23bdd5 to 0x00007fd5dd23dcfd
Event: 9.256 Thread 0x00007fd5e01c9000 Implicit null exception at 0x00007fd5dd1a8e32 to 0x00007fd5dd1a99c5
Event: 9.256 Thread 0x00007fd5e01c9000 Implicit null exception at 0x00007fd5dd2948f7 to 0x00007fd5dd294aa1
Event: 9.262 Thread 0x00007fd5e000a800 Implicit null exception at 0x00007fd5dd16ddc3 to 0x00007fd5dd16df51
Event: 9.262 Thread 0x00007fd5e000a800 Implicit null exception at 0x00007fd5dd194039 to 0x00007fd5dd194155
Event: 11.830 Thread 0x00007fd5e01c5800 Threw 0x00000000edd1a2f8 at /build/openjdk-7-zaTxYK/openjdk-7-7u91-2.6.3/build/openjdk/hotspot/src/share/vm/prims/jvm.cpp:1322

Events (10 events):
Event: 12.202 Thread 0x00007fd5e01c9000 Uncommon trap: trap_request=0xffffffc6 fr.pc=0x00007fd5dd347c4c
Event: 12.202 Thread 0x00007fd5e01c9000 DEOPT PACKING pc=0x00007fd5dd347c4c sp=0x00007fd5d896afd0
Event: 12.202 Thread 0x00007fd5e01c9000 DEOPT UNPACKING pc=0x00007fd5dd039445 sp=0x00007fd5d896af30 mode 2
Event: 12.204 Thread 0x00007fd5e01c7800 Uncommon trap: trap_request=0xffffffc6 fr.pc=0x00007fd5dd347c4c
Event: 12.204 Thread 0x00007fd5e01c7800 DEOPT PACKING pc=0x00007fd5dd347c4c sp=0x00007fd5d8a6bfd0
Event: 12.204 Thread 0x00007fd5e01c7800 DEOPT UNPACKING pc=0x00007fd5dd039445 sp=0x00007fd5d8a6bf30 mode 2
Event: 12.204 Thread 0x00007fd5e01c7800 Uncommon trap: trap_request=0xffffffc6 fr.pc=0x00007fd5dd347c4c
Event: 12.204 Thread 0x00007fd5e01c7800 DEOPT PACKING pc=0x00007fd5dd347c4c sp=0x00007fd5d8a6bfd0
Event: 12.204 Thread 0x00007fd5e01c7800 DEOPT UNPACKING pc=0x00007fd5dd039445 sp=0x00007fd5d8a6bf30 mode 2
Event: 12.248 Executing VM operation: ParallelGCFailedAllocation


Dynamic libraries:
00400000-00401000 r-xp 00000000 08:05 7921                               /usr/lib/jvm/java-7-openjdk-amd64/jre/bin/java
00600000-00601000 r--p 00000000 08:05 7921                               /usr/lib/jvm/java-7-openjdk-amd64/jre/bin/java
00601000-00602000 rw-p 00001000 08:05 7921                               /usr/lib/jvm/java-7-openjdk-amd64/jre/bin/java
023d4000-023f5000 rw-p 00000000 00:00 0                                  [heap]
b5a00000-b6f00000 rw-p 00000000 00:00 0 
b6f00000-c0000000 rw-p 00000000 00:00 0 
c0000000-c8500000 rw-p 00000000 00:00 0 
cdc80000-eaa80000 rw-p 00000000 00:00 0 
eaa80000-100000000 rw-p 00000000 00:00 0 
7fd58c000000-7fd58c025000 rw-p 00000000 00:00 0 
7fd58c025000-7fd590000000 ---p 00000000 00:00 0 
7fd590000000-7fd590024000 rw-p 00000000 00:00 0 
7fd590024000-7fd594000000 ---p 00000000 00:00 0 
7fd594000000-7fd594021000 rw-p 00000000 00:00 0 
7fd594021000-7fd598000000 ---p 00000000 00:00 0 
7fd598000000-7fd59802d000 rw-p 00000000 00:00 0 
7fd59802d000-7fd59c000000 ---p 00000000 00:00 0 
7fd59c000000-7fd59c021000 rw-p 00000000 00:00 0 
7fd59c021000-7fd5a0000000 ---p 00000000 00:00 0 
7fd5a0000000-7fd5a0021000 rw-p 00000000 00:00 0 
7fd5a0021000-7fd5a4000000 ---p 00000000 00:00 0 
7fd5a4000000-7fd5a55f4000 rw-p 00000000 00:00 0 
7fd5a55f4000-7fd5a8000000 ---p 00000000 00:00 0 
7fd5a8000000-7fd5a8021000 rw-p 00000000 00:00 0 
7fd5a8021000-7fd5ac000000 ---p 00000000 00:00 0 
7fd5ac000000-7fd5ac021000 rw-p 00000000 00:00 0 
7fd5ac021000-7fd5b0000000 ---p 00000000 00:00 0 
7fd5b0000000-7fd5b186a000 rw-p 00000000 00:00 0 
7fd5b186a000-7fd5b4000000 ---p 00000000 00:00 0 
7fd5b4000000-7fd5b4021000 rw-p 00000000 00:00 0 
7fd5b4021000-7fd5b8000000 ---p 00000000 00:00 0 
7fd5b8000000-7fd5b8021000 rw-p 00000000 00:00 0 
7fd5b8021000-7fd5bc000000 ---p 00000000 00:00 0 
7fd5bc000000-7fd5bc021000 rw-p 00000000 00:00 0 
7fd5bc021000-7fd5c0000000 ---p 00000000 00:00 0 
7fd5c0000000-7fd5c024c000 rw-p 00000000 00:00 0 
7fd5c024c000-7fd5c4000000 ---p 00000000 00:00 0 
7fd5c4000000-7fd5c4024000 rw-p 00000000 00:00 0 
7fd5c4024000-7fd5c8000000 ---p 00000000 00:00 0 
7fd5cc000000-7fd5cc021000 rw-p 00000000 00:00 0 
7fd5cc021000-7fd5d0000000 ---p 00000000 00:00 0 
7fd5d4000000-7fd5d4021000 rw-p 00000000 00:00 0 
7fd5d4021000-7fd5d8000000 ---p 00000000 00:00 0 
7fd5d876b000-7fd5d876e000 ---p 00000000 00:00 0 
7fd5d876e000-7fd5d886c000 rw-p 00000000 00:00 0                          [stack:5148]
7fd5d886c000-7fd5d886f000 ---p 00000000 00:00 0 
7fd5d886f000-7fd5d896d000 rw-p 00000000 00:00 0                          [stack:5147]
7fd5d896d000-7fd5d8970000 ---p 00000000 00:00 0 
7fd5d8970000-7fd5d8a6e000 rw-p 00000000 00:00 0                          [stack:5146]
7fd5d8a6e000-7fd5d8a71000 ---p 00000000 00:00 0 
7fd5d8a71000-7fd5d8b6f000 rw-p 00000000 00:00 0                          [stack:5145]
7fd5d8b6f000-7fd5d8b72000 ---p 00000000 00:00 0 
7fd5d8b72000-7fd5d8c70000 rw-p 00000000 00:00 0                          [stack:5144]
7fd5d8c70000-7fd5d8cad000 r-xp 00000000 08:05 4718597                    /lib/x86_64-linux-gnu/libpcre.so.3.13.1
7fd5d8cad000-7fd5d8eac000 ---p 0003d000 08:05 4718597                    /lib/x86_64-linux-gnu/libpcre.so.3.13.1
7fd5d8eac000-7fd5d8ead000 r--p 0003c000 08:05 4718597                    /lib/x86_64-linux-gnu/libpcre.so.3.13.1
7fd5d8ead000-7fd5d8eae000 rw-p 0003d000 08:05 4718597                    /lib/x86_64-linux-gnu/libpcre.so.3.13.1
7fd5d8eae000-7fd5d8eb5000 r-xp 00000000 08:05 3932505                    /usr/lib/x86_64-linux-gnu/libffi.so.6.0.1
7fd5d8eb5000-7fd5d90b4000 ---p 00007000 08:05 3932505                    /usr/lib/x86_64-linux-gnu/libffi.so.6.0.1
7fd5d90b4000-7fd5d90b5000 r--p 00006000 08:05 3932505                    /usr/lib/x86_64-linux-gnu/libffi.so.6.0.1
7fd5d90b5000-7fd5d90b6000 rw-p 00007000 08:05 3932505                    /usr/lib/x86_64-linux-gnu/libffi.so.6.0.1
7fd5d90b6000-7fd5d90cd000 r-xp 00000000 08:05 4718611                    /lib/x86_64-linux-gnu/libresolv-2.19.so
7fd5d90cd000-7fd5d92cd000 ---p 00017000 08:05 4718611                    /lib/x86_64-linux-gnu/libresolv-2.19.so
7fd5d92cd000-7fd5d92ce000 r--p 00017000 08:05 4718611                    /lib/x86_64-linux-gnu/libresolv-2.19.so
7fd5d92ce000-7fd5d92cf000 rw-p 00018000 08:05 4718611                    /lib/x86_64-linux-gnu/libresolv-2.19.so
7fd5d92cf000-7fd5d92d1000 rw-p 00000000 00:00 0 
7fd5d92d1000-7fd5d92f1000 r-xp 00000000 08:05 4722601                    /lib/x86_64-linux-gnu/libselinux.so.1
7fd5d92f1000-7fd5d94f0000 ---p 00020000 08:05 4722601                    /lib/x86_64-linux-gnu/libselinux.so.1
7fd5d94f0000-7fd5d94f1000 r--p 0001f000 08:05 4722601                    /lib/x86_64-linux-gnu/libselinux.so.1
7fd5d94f1000-7fd5d94f2000 rw-p 00020000 08:05 4722601                    /lib/x86_64-linux-gnu/libselinux.so.1
7fd5d94f2000-7fd5d94f4000 rw-p 00000000 00:00 0 
7fd5d94f4000-7fd5d94f7000 r-xp 00000000 08:05 3932524                    /usr/lib/x86_64-linux-gnu/libgmodule-2.0.so.0.4002.0
7fd5d94f7000-7fd5d96f6000 ---p 00003000 08:05 3932524                    /usr/lib/x86_64-linux-gnu/libgmodule-2.0.so.0.4002.0
7fd5d96f6000-7fd5d96f7000 r--p 00002000 08:05 3932524                    /usr/lib/x86_64-linux-gnu/libgmodule-2.0.so.0.4002.0
7fd5d96f7000-7fd5d96f8000 rw-p 00003000 08:05 3932524                    /usr/lib/x86_64-linux-gnu/libgmodule-2.0.so.0.4002.0
7fd5d96f8000-7fd5d97fe000 r-xp 00000000 08:05 4723400                    /lib/x86_64-linux-gnu/libglib-2.0.so.0.4002.0
7fd5d97fe000-7fd5d99fd000 ---p 00106000 08:05 4723400                    /lib/x86_64-linux-gnu/libglib-2.0.so.0.4002.0
7fd5d99fd000-7fd5d99fe000 r--p 00105000 08:05 4723400                    /lib/x86_64-linux-gnu/libglib-2.0.so.0.4002.0
7fd5d99fe000-7fd5d99ff000 rw-p 00106000 08:05 4723400                    /lib/x86_64-linux-gnu/libglib-2.0.so.0.4002.0
7fd5d99ff000-7fd5d9a00000 rw-p 00000000 00:00 0 
7fd5d9a00000-7fd5d9a4f000 r-xp 00000000 08:05 3932542                    /usr/lib/x86_64-linux-gnu/libgobject-2.0.so.0.4002.0
7fd5d9a4f000-7fd5d9c4f000 ---p 0004f000 08:05 3932542                    /usr/lib/x86_64-linux-gnu/libgobject-2.0.so.0.4002.0
7fd5d9c4f000-7fd5d9c50000 r--p 0004f000 08:05 3932542                    /usr/lib/x86_64-linux-gnu/libgobject-2.0.so.0.4002.0
7fd5d9c50000-7fd5d9c51000 rw-p 00050000 08:05 3932542                    /usr/lib/x86_64-linux-gnu/libgobject-2.0.so.0.4002.0
7fd5d9c51000-7fd5d9dbd000 r-xp 00000000 08:05 3932546                    /usr/lib/x86_64-linux-gnu/libgio-2.0.so.0.4002.0
7fd5d9dbd000-7fd5d9fbc000 ---p 0016c000 08:05 3932546                    /usr/lib/x86_64-linux-gnu/libgio-2.0.so.0.4002.0
7fd5d9fbc000-7fd5d9fc0000 r--p 0016b000 08:05 3932546                    /usr/lib/x86_64-linux-gnu/libgio-2.0.so.0.4002.0
7fd5d9fc0000-7fd5d9fc2000 rw-p 0016f000 08:05 3932546                    /usr/lib/x86_64-linux-gnu/libgio-2.0.so.0.4002.0
7fd5d9fc2000-7fd5d9fc4000 rw-p 00000000 00:00 0 
7fd5d9fc4000-7fd5d9fdb000 r-xp 00000000 08:05 5127600                    /usr/lib/jvm/java-7-openjdk-amd64/jre/lib/amd64/libnet.so
7fd5d9fdb000-7fd5da1da000 ---p 00017000 08:05 5127600                    /usr/lib/jvm/java-7-openjdk-amd64/jre/lib/amd64/libnet.so
7fd5da1da000-7fd5da1db000 r--p 00016000 08:05 5127600                    /usr/lib/jvm/java-7-openjdk-amd64/jre/lib/amd64/libnet.so
7fd5da1db000-7fd5da1dc000 rw-p 00017000 08:05 5127600                    /usr/lib/jvm/java-7-openjdk-amd64/jre/lib/amd64/libnet.so
7fd5da1dc000-7fd5da1ec000 r-xp 00000000 08:05 5127570                    /usr/lib/jvm/java-7-openjdk-amd64/jre/lib/amd64/libnio.so
7fd5da1ec000-7fd5da3ec000 ---p 00010000 08:05 5127570                    /usr/lib/jvm/java-7-openjdk-amd64/jre/lib/amd64/libnio.so
7fd5da3ec000-7fd5da3ed000 r--p 00010000 08:05 5127570                    /usr/lib/jvm/java-7-openjdk-amd64/jre/lib/amd64/libnio.so
7fd5da3ed000-7fd5da3ee000 rw-p 00011000 08:05 5127570                    /usr/lib/jvm/java-7-openjdk-amd64/jre/lib/amd64/libnio.so
7fd5da3ee000-7fd5daad0000 r--p 00000000 08:05 3939635                    /usr/lib/locale/locale-archive
7fd5daad0000-7fd5dd000000 rw-p 00000000 00:00 0 
7fd5dd000000-7fd5dd390000 rwxp 00000000 00:00 0 
7fd5dd390000-7fd5e0236000 rw-p 00000000 00:00 0 
7fd5e0236000-7fd5e4000000 ---p 00000000 00:00 0 
7fd5e4093000-7fd5e40c4000 rw-p 00000000 00:00 0 
7fd5e40ef000-7fd5e4129000 r--s 0029a000 08:05 3968203                    /home/arun/android_workspace/hack_illinois/app/build/intermediates/multi-dex/debug/allclasses.jar
7fd5e4129000-7fd5e4138000 r--s 000df000 08:05 2247866                    /home/arun/Android/Sdk/build-tools/23.0.2/lib/dx.jar
7fd5e4138000-7fd5e4139000 ---p 00000000 00:00 0 
7fd5e4139000-7fd5e4239000 rw-p 00000000 00:00 0                          [stack:5143]
7fd5e4239000-7fd5e423c000 ---p 00000000 00:00 0 
7fd5e423c000-7fd5e433a000 rw-p 00000000 00:00 0                          [stack:5142]
7fd5e433a000-7fd5e433d000 ---p 00000000 00:00 0 
7fd5e433d000-7fd5e443b000 rw-p 00000000 00:00 0                          [stack:5141]
7fd5e443b000-7fd5e443e000 ---p 00000000 00:00 0 
7fd5e443e000-7fd5e453c000 rw-p 00000000 00:00 0                          [stack:5140]
7fd5e453c000-7fd5e453f000 ---p 00000000 00:00 0 
7fd5e453f000-7fd5e463d000 rw-p 00000000 00:00 0                          [stack:5139]
7fd5e463d000-7fd5e4640000 ---p 00000000 00:00 0 
7fd5e4640000-7fd5e473e000 rw-p 00000000 00:00 0                          [stack:5138]
7fd5e473e000-7fd5e4741000 ---p 00000000 00:00 0 
7fd5e4741000-7fd5e483f000 rw-p 00000000 00:00 0                          [stack:5137]
7fd5e483f000-7fd5e4840000 ---p 00000000 00:00 0 
7fd5e4840000-7fd5e593d000 rw-p 00000000 00:00 0                          [stack:5136]
7fd5e593d000-7fd5e5aef000 r--s 01d2e000 08:05 5127564                    /usr/lib/jvm/java-7-openjdk-amd64/jre/lib/rt.jar
7fd5e5aef000-7fd5e5e3b000 rw-p 00000000 00:00 0 
7fd5e5e3b000-7fd5e5e3c000 ---p 00000000 00:00 0 
7fd5e5e3c000-7fd5e5f3c000 rw-p 00000000 00:00 0                          [stack:5135]
7fd5e5f3c000-7fd5e5f3d000 ---p 00000000 00:00 0 
7fd5e5f3d000-7fd5e603d000 rw-p 00000000 00:00 0                          [stack:5134]
7fd5e603d000-7fd5e603e000 ---p 00000000 00:00 0 
7fd5e603e000-7fd5e613e000 rw-p 00000000 00:00 0                          [stack:5133]
7fd5e613e000-7fd5e613f000 ---p 00000000 00:00 0 
7fd5e613f000-7fd5e624a000 rw-p 00000000 00:00 0                          [stack:5132]
7fd5e624a000-7fd5e6292000 rw-p 00000000 00:00 0 
7fd5e6292000-7fd5e62d5000 rw-p 00000000 00:00 0 
7fd5e62d5000-7fd5e63e8000 rw-p 00000000 00:00 0 
7fd5e63e8000-7fd5e63f3000 rw-p 00000000 00:00 0 
7fd5e63f3000-7fd5e643b000 rw-p 00000000 00:00 0 
7fd5e643b000-7fd5e647e000 rw-p 00000000 00:00 0 
7fd5e647e000-7fd5e6590000 rw-p 00000000 00:00 0 
7fd5e6590000-7fd5e663b000 rw-p 00000000 00:00 0 
7fd5e663b000-7fd5e663c000 rw-p 00000000 00:00 0 
7fd5e663c000-7fd5e6644000 r-xp 00000000 08:05 5127574                    /usr/lib/jvm/java-7-openjdk-amd64/jre/lib/amd64/libzip.so
7fd5e6644000-7fd5e6843000 ---p 00008000 08:05 5127574                    /usr/lib/jvm/java-7-openjdk-amd64/jre/lib/amd64/libzip.so
7fd5e6843000-7fd5e6844000 r--p 00007000 08:05 5127574                    /usr/lib/jvm/java-7-openjdk-amd64/jre/lib/amd64/libzip.so
7fd5e6844000-7fd5e6845000 rw-p 00008000 08:05 5127574                    /usr/lib/jvm/java-7-openjdk-amd64/jre/lib/amd64/libzip.so
7fd5e6845000-7fd5e6850000 r-xp 00000000 08:05 4718621                    /lib/x86_64-linux-gnu/libnss_files-2.19.so
7fd5e6850000-7fd5e6a4f000 ---p 0000b000 08:05 4718621                    /lib/x86_64-linux-gnu/libnss_files-2.19.so
7fd5e6a4f000-7fd5e6a50000 r--p 0000a000 08:05 4718621                    /lib/x86_64-linux-gnu/libnss_files-2.19.so
7fd5e6a50000-7fd5e6a51000 rw-p 0000b000 08:05 4718621                    /lib/x86_64-linux-gnu/libnss_files-2.19.so
7fd5e6a51000-7fd5e6a5c000 r-xp 00000000 08:05 4722638                    /lib/x86_64-linux-gnu/libnss_nis-2.19.so
7fd5e6a5c000-7fd5e6c5b000 ---p 0000b000 08:05 4722638                    /lib/x86_64-linux-gnu/libnss_nis-2.19.so
7fd5e6c5b000-7fd5e6c5c000 r--p 0000a000 08:05 4722638                    /lib/x86_64-linux-gnu/libnss_nis-2.19.so
7fd5e6c5c000-7fd5e6c5d000 rw-p 0000b000 08:05 4722638                    /lib/x86_64-linux-gnu/libnss_nis-2.19.so
7fd5e6c5d000-7fd5e6c74000 r-xp 00000000 08:05 4718688                    /lib/x86_64-linux-gnu/libnsl-2.19.so
7fd5e6c74000-7fd5e6e73000 ---p 00017000 08:05 4718688                    /lib/x86_64-linux-gnu/libnsl-2.19.so
7fd5e6e73000-7fd5e6e74000 r--p 00016000 08:05 4718688                    /lib/x86_64-linux-gnu/libnsl-2.19.so
7fd5e6e74000-7fd5e6e75000 rw-p 00017000 08:05 4718688                    /lib/x86_64-linux-gnu/libnsl-2.19.so
7fd5e6e75000-7fd5e6e77000 rw-p 00000000 00:00 0 
7fd5e6e77000-7fd5e6e80000 r-xp 00000000 08:05 4718687                    /lib/x86_64-linux-gnu/libnss_compat-2.19.so
7fd5e6e80000-7fd5e707f000 ---p 00009000 08:05 4718687                    /lib/x86_64-linux-gnu/libnss_compat-2.19.so
7fd5e707f000-7fd5e7080000 r--p 00008000 08:05 4718687                    /lib/x86_64-linux-gnu/libnss_compat-2.19.so
7fd5e7080000-7fd5e7081000 rw-p 00009000 08:05 4718687                    /lib/x86_64-linux-gnu/libnss_compat-2.19.so
7fd5e7081000-7fd5e70ac000 r-xp 00000000 08:05 5127582                    /usr/lib/jvm/java-7-openjdk-amd64/jre/lib/amd64/libjava.so
7fd5e70ac000-7fd5e72ac000 ---p 0002b000 08:05 5127582                    /usr/lib/jvm/java-7-openjdk-amd64/jre/lib/amd64/libjava.so
7fd5e72ac000-7fd5e72ad000 r--p 0002b000 08:05 5127582                    /usr/lib/jvm/java-7-openjdk-amd64/jre/lib/amd64/libjava.so
7fd5e72ad000-7fd5e72af000 rw-p 0002c000 08:05 5127582                    /usr/lib/jvm/java-7-openjdk-amd64/jre/lib/amd64/libjava.so
7fd5e72af000-7fd5e72bf000 r-xp 00000000 08:05 5127596                    /usr/lib/jvm/java-7-openjdk-amd64/jre/lib/amd64/libverify.so
7fd5e72bf000-7fd5e74be000 ---p 00010000 08:05 5127596                    /usr/lib/jvm/java-7-openjdk-amd64/jre/lib/amd64/libverify.so
7fd5e74be000-7fd5e74c0000 r--p 0000f000 08:05 5127596                    /usr/lib/jvm/java-7-openjdk-amd64/jre/lib/amd64/libverify.so
7fd5e74c0000-7fd5e74c1000 rw-p 00011000 08:05 5127596                    /usr/lib/jvm/java-7-openjdk-amd64/jre/lib/amd64/libverify.so
7fd5e74c1000-7fd5e74c8000 r-xp 00000000 08:05 4718696                    /lib/x86_64-linux-gnu/librt-2.19.so
7fd5e74c8000-7fd5e76c7000 ---p 00007000 08:05 4718696                    /lib/x86_64-linux-gnu/librt-2.19.so
7fd5e76c7000-7fd5e76c8000 r--p 00006000 08:05 4718696                    /lib/x86_64-linux-gnu/librt-2.19.so
7fd5e76c8000-7fd5e76c9000 rw-p 00007000 08:05 4718696                    /lib/x86_64-linux-gnu/librt-2.19.so
7fd5e76c9000-7fd5e76df000 r-xp 00000000 08:05 4722600                    /lib/x86_64-linux-gnu/libgcc_s.so.1
7fd5e76df000-7fd5e78de000 ---p 00016000 08:05 4722600                    /lib/x86_64-linux-gnu/libgcc_s.so.1
7fd5e78de000-7fd5e78df000 rw-p 00015000 08:05 4722600                    /lib/x86_64-linux-gnu/libgcc_s.so.1
7fd5e78df000-7fd5e79e4000 r-xp 00000000 08:05 4718618                    /lib/x86_64-linux-gnu/libm-2.19.so
7fd5e79e4000-7fd5e7be3000 ---p 00105000 08:05 4718618                    /lib/x86_64-linux-gnu/libm-2.19.so
7fd5e7be3000-7fd5e7be4000 r--p 00104000 08:05 4718618                    /lib/x86_64-linux-gnu/libm-2.19.so
7fd5e7be4000-7fd5e7be5000 rw-p 00105000 08:05 4718618                    /lib/x86_64-linux-gnu/libm-2.19.so
7fd5e7be5000-7fd5e7ccb000 r-xp 00000000 08:05 3934074                    /usr/lib/x86_64-linux-gnu/libstdc++.so.6.0.19
7fd5e7ccb000-7fd5e7eca000 ---p 000e6000 08:05 3934074                    /usr/lib/x86_64-linux-gnu/libstdc++.so.6.0.19
7fd5e7eca000-7fd5e7ed2000 r--p 000e5000 08:05 3934074                    /usr/lib/x86_64-linux-gnu/libstdc++.so.6.0.19
7fd5e7ed2000-7fd5e7ed4000 rw-p 000ed000 08:05 3934074                    /usr/lib/x86_64-linux-gnu/libstdc++.so.6.0.19
7fd5e7ed4000-7fd5e7ee9000 rw-p 00000000 00:00 0 
7fd5e7ee9000-7fd5e8a0d000 r-xp 00000000 08:05 5127588                    /usr/lib/jvm/java-7-openjdk-amd64/jre/lib/amd64/server/libjvm.so
7fd5e8a0d000-7fd5e8c0d000 ---p 00b24000 08:05 5127588                    /usr/lib/jvm/java-7-openjdk-amd64/jre/lib/amd64/server/libjvm.so
7fd5e8c0d000-7fd5e8ca7000 r--p 00b24000 08:05 5127588                    /usr/lib/jvm/java-7-openjdk-amd64/jre/lib/amd64/server/libjvm.so
7fd5e8ca7000-7fd5e8cca000 rw-p 00bbe000 08:05 5127588                    /usr/lib/jvm/java-7-openjdk-amd64/jre/lib/amd64/server/libjvm.so
7fd5e8cca000-7fd5e8cf8000 rw-p 00000000 00:00 0 
7fd5e8cf8000-7fd5e8d10000 r-xp 00000000 08:05 4722786                    /lib/x86_64-linux-gnu/libz.so.1.2.8
7fd5e8d10000-7fd5e8f0f000 ---p 00018000 08:05 4722786                    /lib/x86_64-linux-gnu/libz.so.1.2.8
7fd5e8f0f000-7fd5e8f10000 r--p 00017000 08:05 4722786                    /lib/x86_64-linux-gnu/libz.so.1.2.8
7fd5e8f10000-7fd5e8f11000 rw-p 00018000 08:05 4722786                    /lib/x86_64-linux-gnu/libz.so.1.2.8
7fd5e8f11000-7fd5e8f2a000 r-xp 00000000 08:05 4718694                    /lib/x86_64-linux-gnu/libpthread-2.19.so
7fd5e8f2a000-7fd5e9129000 ---p 00019000 08:05 4718694                    /lib/x86_64-linux-gnu/libpthread-2.19.so
7fd5e9129000-7fd5e912a000 r--p 00018000 08:05 4718694                    /lib/x86_64-linux-gnu/libpthread-2.19.so
7fd5e912a000-7fd5e912b000 rw-p 00019000 08:05 4718694                    /lib/x86_64-linux-gnu/libpthread-2.19.so
7fd5e912b000-7fd5e912f000 rw-p 00000000 00:00 0 
7fd5e912f000-7fd5e9132000 r-xp 00000000 08:05 4718682                    /lib/x86_64-linux-gnu/libdl-2.19.so
7fd5e9132000-7fd5e9331000 ---p 00003000 08:05 4718682                    /lib/x86_64-linux-gnu/libdl-2.19.so
7fd5e9331000-7fd5e9332000 r--p 00002000 08:05 4718682                    /lib/x86_64-linux-gnu/libdl-2.19.so
7fd5e9332000-7fd5e9333000 rw-p 00003000 08:05 4718682                    /lib/x86_64-linux-gnu/libdl-2.19.so
7fd5e9333000-7fd5e94ee000 r-xp 00000000 08:05 4718693                    /lib/x86_64-linux-gnu/libc-2.19.so
7fd5e94ee000-7fd5e96ed000 ---p 001bb000 08:05 4718693                    /lib/x86_64-linux-gnu/libc-2.19.so
7fd5e96ed000-7fd5e96f1000 r--p 001ba000 08:05 4718693                    /lib/x86_64-linux-gnu/libc-2.19.so
7fd5e96f1000-7fd5e96f3000 rw-p 001be000 08:05 4718693                    /lib/x86_64-linux-gnu/libc-2.19.so
7fd5e96f3000-7fd5e96f8000 rw-p 00000000 00:00 0 
7fd5e96f8000-7fd5e9705000 r-xp 00000000 08:05 5127597                    /usr/lib/jvm/java-7-openjdk-amd64/jre/lib/amd64/jli/libjli.so
7fd5e9705000-7fd5e9904000 ---p 0000d000 08:05 5127597                    /usr/lib/jvm/java-7-openjdk-amd64/jre/lib/amd64/jli/libjli.so
7fd5e9904000-7fd5e9905000 r--p 0000c000 08:05 5127597                    /usr/lib/jvm/java-7-openjdk-amd64/jre/lib/amd64/jli/libjli.so
7fd5e9905000-7fd5e9906000 rw-p 0000d000 08:05 5127597                    /usr/lib/jvm/java-7-openjdk-amd64/jre/lib/amd64/jli/libjli.so
7fd5e9906000-7fd5e9929000 r-xp 00000000 08:05 4718690                    /lib/x86_64-linux-gnu/ld-2.19.so
7fd5e9929000-7fd5e992b000 r--s 00012000 08:05 5127553                    /usr/lib/jvm/java-7-openjdk-amd64/jre/lib/ext/zipfs.jar
7fd5e992b000-7fd5e992d000 r--s 00006000 08:05 4333953                    /usr/share/java/java-atk-wrapper.jar
7fd5e992d000-7fd5e9931000 r--s 00034000 08:05 5127559                    /usr/lib/jvm/java-7-openjdk-amd64/jre/lib/ext/sunjce_provider.jar
7fd5e9931000-7fd5e9935000 r--s 00085000 08:05 5127555                    /usr/lib/jvm/java-7-openjdk-amd64/jre/lib/ext/localedata.jar
7fd5e9935000-7fd5e9944000 rw-p 00000000 00:00 0 
7fd5e9944000-7fd5e99f5000 rw-p 00000000 00:00 0 
7fd5e99f5000-7fd5e99f8000 ---p 00000000 00:00 0 
7fd5e99f8000-7fd5e9afc000 rw-p 00000000 00:00 0                          [stack:5131]
7fd5e9afc000-7fd5e9afd000 r--s 00002000 08:05 5127561                    /usr/lib/jvm/java-7-openjdk-amd64/jre/lib/ext/dnsns.jar
7fd5e9afd000-7fd5e9b00000 r--s 0000f000 08:05 5127557                    /usr/lib/jvm/java-7-openjdk-amd64/jre/lib/ext/icedtea-sound.jar
7fd5e9b00000-7fd5e9b04000 r--s 0003c000 08:05 5127560                    /usr/lib/jvm/java-7-openjdk-amd64/jre/lib/ext/sunpkcs11.jar
7fd5e9b04000-7fd5e9b1c000 rw-p 00000000 00:00 0 
7fd5e9b1c000-7fd5e9b24000 rw-s 00000000 08:05 4475642                    /tmp/hsperfdata_arun/5125
7fd5e9b24000-7fd5e9b25000 rw-p 00000000 00:00 0 
7fd5e9b25000-7fd5e9b26000 ---p 00000000 00:00 0 
7fd5e9b26000-7fd5e9b28000 rw-p 00000000 00:00 0 
7fd5e9b28000-7fd5e9b29000 r--p 00022000 08:05 4718690                    /lib/x86_64-linux-gnu/ld-2.19.so
7fd5e9b29000-7fd5e9b2a000 rw-p 00023000 08:05 4718690                    /lib/x86_64-linux-gnu/ld-2.19.so
7fd5e9b2a000-7fd5e9b2b000 rw-p 00000000 00:00 0 
7ffd4c14b000-7ffd4c16c000 rw-p 00000000 00:00 0                          [stack]
7ffd4c18d000-7ffd4c18f000 r-xp 00000000 00:00 0                          [vdso]
ffffffffff600000-ffffffffff601000 r-xp 00000000 00:00 0                  [vsyscall]

VM Arguments:
jvm_args: -Xmx1024M -Dfile.encoding=UTF-8 -Duser.country=IN -Duser.language=en -Duser.variant 
java_command: com.android.dx.command.Main --dex --num-threads=4 --multi-dex --main-dex-list /home/arun/android_workspace/hack_illinois/app/build/intermediates/multi-dex/debug/maindexlist.txt --output /home/arun/android_workspace/hack_illinois/app/build/intermediates/dex/debug /home/arun/android_workspace/hack_illinois/app/build/intermediates/multi-dex/debug/allclasses.jar
Launcher Type: SUN_STANDARD

Environment Variables:
PATH=/usr/local/sbin:/usr/local/bin:/usr/sbin:/usr/bin:/sbin:/bin:/usr/games:/usr/local/games
LD_LIBRARY_PATH=/home/arun/android_envt/android-studio/bin:
SHELL=/bin/bash
DISPLAY=:0

Signal Handlers:
SIGSEGV: [libjvm.so+0x9548f0], sa_mask[0]=0x7ffbfeff, sa_flags=0x10000004
SIGBUS: [libjvm.so+0x9548f0], sa_mask[0]=0x7ffbfeff, sa_flags=0x10000004
SIGFPE: [libjvm.so+0x7cb0b0], sa_mask[0]=0x7ffbfeff, sa_flags=0x10000004
SIGPIPE: [libjvm.so+0x7cb0b0], sa_mask[0]=0x7ffbfeff, sa_flags=0x10000004
SIGXFSZ: [libjvm.so+0x7cb0b0], sa_mask[0]=0x7ffbfeff, sa_flags=0x10000004
SIGILL: [libjvm.so+0x7cb0b0], sa_mask[0]=0x7ffbfeff, sa_flags=0x10000004
SIGUSR1: SIG_DFL, sa_mask[0]=0x00000000, sa_flags=0x00000000
SIGUSR2: [libjvm.so+0x7caf50], sa_mask[0]=0x00000004, sa_flags=0x10000004
SIGHUP: [libjvm.so+0x7cb130], sa_mask[0]=0x7ffbfeff, sa_flags=0x10000004
SIGINT: [libjvm.so+0x7cb130], sa_mask[0]=0x7ffbfeff, sa_flags=0x10000004
SIGTERM: [libjvm.so+0x7cb130], sa_mask[0]=0x7ffbfeff, sa_flags=0x10000004
SIGQUIT: [libjvm.so+0x7cb130], sa_mask[0]=0x7ffbfeff, sa_flags=0x10000004
SIGTRAP: SIG_DFL, sa_mask[0]=0x00000000, sa_flags=0x00000000


---------------  S Y S T E M  ---------------

OS:Ubuntu 14.04 (trusty)
uname:Linux 3.13.0-74-generic #118-Ubuntu SMP Thu Dec 17 22:52:10 UTC 2015 x86_64
libc:glibc 2.19 NPTL 2.19 
rlimit: STACK 8192k, CORE 0k, NPROC 30084, NOFILE 4096, AS infinity
load average:2.13 1.94 1.43

/proc/meminfo:
MemTotal:        3929448 kB
MemFree:          122168 kB
Buffers:            1416 kB
Cached:           249948 kB
SwapCached:            0 kB
Active:          3441080 kB
Inactive:         215604 kB
Active(anon):    3406952 kB
Inactive(anon):   181412 kB
Active(file):      34128 kB
Inactive(file):    34192 kB
Unevictable:          32 kB
Mlocked:              32 kB
SwapTotal:             0 kB
SwapFree:              0 kB
Dirty:              5792 kB
Writeback:             0 kB
AnonPages:       3405340 kB
Mapped:           107868 kB
Shmem:            182944 kB
Slab:              61720 kB
SReclaimable:      28064 kB
SUnreclaim:        33656 kB
KernelStack:        5032 kB
PageTables:        35592 kB
NFS_Unstable:          0 kB
Bounce:                0 kB
WritebackTmp:          0 kB
CommitLimit:     1964724 kB
Committed_AS:    7192920 kB
VmallocTotal:   34359738367 kB
VmallocUsed:      412996 kB
VmallocChunk:   34359313884 kB
HardwareCorrupted:     0 kB
AnonHugePages:   1533952 kB
HugePages_Total:       0
HugePages_Free:        0
HugePages_Rsvd:        0
HugePages_Surp:        0
Hugepagesize:       2048 kB
DirectMap4k:       70340 kB
DirectMap2M:     4005888 kB


CPU:total 4 (2 cores per cpu, 2 threads per core) family 6 model 58 stepping 9, cmov, cx8, fxsr, mmx, sse, sse2, sse3, ssse3, sse4.1, sse4.2, popcnt, avx, erms, ht, tsc, tscinvbit, tscinv

/proc/cpuinfo:
processor	: 0
vendor_id	: GenuineIntel
cpu family	: 6
model		: 58
model name	: Intel(R) Core(TM) i3-3120M CPU @ 2.50GHz
stepping	: 9
microcode	: 0x15
cpu MHz		: 1200.000
cache size	: 3072 KB
physical id	: 0
siblings	: 4
core id		: 0
cpu cores	: 2
apicid		: 0
initial apicid	: 0
fpu		: yes
fpu_exception	: yes
cpuid level	: 13
wp		: yes
flags		: fpu vme de pse tsc msr pae mce cx8 apic sep mtrr pge mca cmov pat pse36 clflush dts acpi mmx fxsr sse sse2 ss ht tm pbe syscall nx rdtscp lm constant_tsc arch_perfmon pebs bts rep_good nopl xtopology nonstop_tsc aperfmperf eagerfpu pni pclmulqdq dtes64 monitor ds_cpl vmx est tm2 ssse3 cx16 xtpr pdcm pcid sse4_1 sse4_2 x2apic popcnt tsc_deadline_timer xsave avx f16c lahf_lm arat epb xsaveopt pln pts dtherm tpr_shadow vnmi flexpriority ept vpid fsgsbase smep erms
bogomips	: 4988.64
clflush size	: 64
cache_alignment	: 64
address sizes	: 36 bits physical, 48 bits virtual
power management:

processor	: 1
vendor_id	: GenuineIntel
cpu family	: 6
model		: 58
model name	: Intel(R) Core(TM) i3-3120M CPU @ 2.50GHz
stepping	: 9
microcode	: 0x15
cpu MHz		: 1200.000
cache size	: 3072 KB
physical id	: 0
siblings	: 4
core id		: 0
cpu cores	: 2
apicid		: 1
initial apicid	: 1
fpu		: yes
fpu_exception	: yes
cpuid level	: 13
wp		: yes
flags		: fpu vme de pse tsc msr pae mce cx8 apic sep mtrr pge mca cmov pat pse36 clflush dts acpi mmx fxsr sse sse2 ss ht tm pbe syscall nx rdtscp lm constant_tsc arch_perfmon pebs bts rep_good nopl xtopology nonstop_tsc aperfmperf eagerfpu pni pclmulqdq dtes64 monitor ds_cpl vmx est tm2 ssse3 cx16 xtpr pdcm pcid sse4_1 sse4_2 x2apic popcnt tsc_deadline_timer xsave avx f16c lahf_lm arat epb xsaveopt pln pts dtherm tpr_shadow vnmi flexpriority ept vpid fsgsbase smep erms
bogomips	: 4988.64
clflush size	: 64
cache_alignment	: 64
address sizes	: 36 bits physical, 48 bits virtual
power management:

processor	: 2
vendor_id	: GenuineIntel
cpu family	: 6
model		: 58
model name	: Intel(R) Core(TM) i3-3120M CPU @ 2.50GHz
stepping	: 9
microcode	: 0x15
cpu MHz		: 1200.000
cache size	: 3072 KB
physical id	: 0
siblings	: 4
core id		: 1
cpu cores	: 2
apicid		: 2
initial apicid	: 2
fpu		: yes
fpu_exception	: yes
cpuid level	: 13
wp		: yes
flags		: fpu vme de pse tsc msr pae mce cx8 apic sep mtrr pge mca cmov pat pse36 clflush dts acpi mmx fxsr sse sse2 ss ht tm pbe syscall nx rdtscp lm constant_tsc arch_perfmon pebs bts rep_good nopl xtopology nonstop_tsc aperfmperf eagerfpu pni pclmulqdq dtes64 monitor ds_cpl vmx est tm2 ssse3 cx16 xtpr pdcm pcid sse4_1 sse4_2 x2apic popcnt tsc_deadline_timer xsave avx f16c lahf_lm arat epb xsaveopt pln pts dtherm tpr_shadow vnmi flexpriority ept vpid fsgsbase smep erms
bogomips	: 4988.64
clflush size	: 64
cache_alignment	: 64
address sizes	: 36 bits physical, 48 bits virtual
power management:

processor	: 3
vendor_id	: GenuineIntel
cpu family	: 6
model		: 58
model name	: Intel(R) Core(TM) i3-3120M CPU @ 2.50GHz
stepping	: 9
microcode	: 0x15
cpu MHz		: 2500.000
cache size	: 3072 KB
physical id	: 0
siblings	: 4
core id		: 1
cpu cores	: 2
apicid		: 3
initial apicid	: 3
fpu		: yes
fpu_exception	: yes
cpuid level	: 13
wp		: yes
flags		: fpu vme de pse tsc msr pae mce cx8 apic sep mtrr pge mca cmov pat pse36 clflush dts acpi mmx fxsr sse sse2 ss ht tm pbe syscall nx rdtscp lm constant_tsc arch_perfmon pebs bts rep_good nopl xtopology nonstop_tsc aperfmperf eagerfpu pni pclmulqdq dtes64 monitor ds_cpl vmx est tm2 ssse3 cx16 xtpr pdcm pcid sse4_1 sse4_2 x2apic popcnt tsc_deadline_timer xsave avx f16c lahf_lm arat epb xsaveopt pln pts dtherm tpr_shadow vnmi flexpriority ept vpid fsgsbase smep erms
bogomips	: 4988.64
clflush size	: 64
cache_alignment	: 64
address sizes	: 36 bits physical, 48 bits virtual
power management:



Memory: 4k page, physical 3929448k(122168k free), swap 0k(0k free)

vm_info: OpenJDK 64-Bit Server VM (24.91-b01) for linux-amd64 JRE (1.7.0_91-b02), built on Nov 19 2015 06:14:37 by "buildd" with gcc 4.8.2

time: Sat Feb 20 23:20:43 2016
elapsed time: 13 seconds

